0 info it worked if it ends with ok
1 verbose cli [ '/usr/local/bin/node', '/usr/local/bin/npm', 'run', 'watch' ]
2 info using npm@3.10.10
3 info using node@v6.10.2
4 verbose run-script [ 'prewatch', 'watch', 'postwatch' ]
5 info lifecycle whatdoyoumean@0.0.1~prewatch: whatdoyoumean@0.0.1
6 silly lifecycle whatdoyoumean@0.0.1~prewatch: no script for prewatch, continuing
7 info lifecycle whatdoyoumean@0.0.1~watch: whatdoyoumean@0.0.1
8 verbose lifecycle whatdoyoumean@0.0.1~watch: unsafe-perm in lifecycle true
9 verbose lifecycle whatdoyoumean@0.0.1~watch: PATH: /usr/local/lib/node_modules/npm/bin/node-gyp-bin:/Users/wayhuang/.vscode/extensions/whatdoyoumean/node_modules/.bin:/usr/local/bin:/usr/bin:/bin:/usr/sbin:/sbin:/usr/local/munki:/Applications/redis-4.0.9/src:/usr/local/mysql/bin/:/Users/wayhuang/scripts/work/:/Users/wayhuang/scripts/:/Applications/apache-maven-3.5.2/bin:/Users/wayhuang/repos/.fzf/bin
10 verbose lifecycle whatdoyoumean@0.0.1~watch: CWD: /Users/wayhuang/.vscode/extensions/whatdoyoumean
11 silly lifecycle whatdoyoumean@0.0.1~watch: Args: [ '-c', 'tsc -watch -p ./' ]
12 silly lifecycle whatdoyoumean@0.0.1~watch: Returned: code: 1  signal: null
13 info lifecycle whatdoyoumean@0.0.1~watch: Failed to exec watch script
14 verbose stack Error: whatdoyoumean@0.0.1 watch: `tsc -watch -p ./`
14 verbose stack Exit status 1
14 verbose stack     at EventEmitter.<anonymous> (/usr/local/lib/node_modules/npm/lib/utils/lifecycle.js:255:16)
14 verbose stack     at emitTwo (events.js:106:13)
14 verbose stack     at EventEmitter.emit (events.js:191:7)
14 verbose stack     at ChildProcess.<anonymous> (/usr/local/lib/node_modules/npm/lib/utils/spawn.js:40:14)
14 verbose stack     at emitTwo (events.js:106:13)
14 verbose stack     at ChildProcess.emit (events.js:191:7)
14 verbose stack     at maybeClose (internal/child_process.js:886:16)
14 verbose stack     at Process.ChildProcess._handle.onexit (internal/child_process.js:226:5)
15 verbose pkgid whatdoyoumean@0.0.1
16 verbose cwd /Users/wayhuang/.vscode/extensions/whatdoyoumean
17 error Darwin 16.7.0
18 error argv "/usr/local/bin/node" "/usr/local/bin/npm" "run" "watch"
19 error node v6.10.2
20 error npm  v3.10.10
21 error code ELIFECYCLE
22 error whatdoyoumean@0.0.1 watch: `tsc -watch -p ./`
22 error Exit status 1
23 error Failed at the whatdoyoumean@0.0.1 watch script 'tsc -watch -p ./'.
23 error Make sure you have the latest version of node.js and npm installed.
23 error If you do, this is most likely a problem with the whatdoyoumean package,
23 error not with npm itself.
23 error Tell the author that this fails on your system:
23 error     tsc -watch -p ./
23 error You can get information on how to open an issue for this project with:
23 error     npm bugs whatdoyoumean
23 error Or if that isn't available, you can get their info via:
23 error     npm owner ls whatdoyoumean
23 error There is likely additional logging output above.
24 verbose exit [ 1, true ]
